
 ANSYS Mechanical Enterprise                       


 *------------------------------------------------------------------*
 |                                                                  |
 |   W E L C O M E   T O   T H E   A N S Y S (R)  P R O G R A M     |
 |                                                                  |
 *------------------------------------------------------------------*




 ***************************************************************
 *            ANSYS 2019 R1          LEGAL NOTICES             *
 ***************************************************************
 *                                                             *
 * Copyright 1971-2018 ANSYS, Inc.  All rights reserved.       *
 * Unauthorized use, distribution or duplication is            *
 * prohibited.                                                 *
 *                                                             *
 * Ansys is a registered trademark of ANSYS, Inc. or its       *
 * subsidiaries in the United States or other countries.       *
 * See the ANSYS, Inc. online documentation or the ANSYS, Inc. *
 * documentation CD or online help for the complete Legal      *
 * Notice.                                                     *
 *                                                             *
 ***************************************************************
 *                                                             *
 * THIS ANSYS SOFTWARE PRODUCT AND PROGRAM DOCUMENTATION       *
 * INCLUDE TRADE SECRETS AND CONFIDENTIAL AND PROPRIETARY      *
 * PRODUCTS OF ANSYS, INC., ITS SUBSIDIARIES, OR LICENSORS.    *
 * The software products and documentation are furnished by    *
 * ANSYS, Inc. or its subsidiaries under a software license    *
 * agreement that contains provisions concerning               *
 * non-disclosure, copying, length and nature of use,          *
 * compliance with exporting laws, warranties, disclaimers,    *
 * limitations of liability, and remedies, and other           *
 * provisions.  The software products and documentation may be *
 * used, disclosed, transferred, or copied only in accordance  *
 * with the terms and conditions of that software license      *
 * agreement.                                                  *
 *                                                             *
 * ANSYS, Inc. is a UL registered                              *
 * ISO 9001:2015 company.                                      *
 *                                                             *
 ***************************************************************
 *                                                             *
 * This product is subject to U.S. laws governing export and   *
 * re-export.                                                  *
 *                                                             *
 * For U.S. Government users, except as specifically granted   *
 * by the ANSYS, Inc. software license agreement, the use,     *
 * duplication, or disclosure by the United States Government  *
 * is subject to restrictions stated in the ANSYS, Inc.        *
 * software license agreement and FAR 12.212 (for non-DOD      *
 * licenses).                                                  *
 *                                                             *
 ***************************************************************

 2019 R1 
     
 Point Releases and Patches installed:   
     
 ANSYS, Inc. Products 2019 R1
 SpaceClaim 2019 R1  
 Autodyn 2019 R1 
 Aqwa 2019 R1
 Customization Files for User Programmable Features 2019 R1  
 Mechanical Products 2019 R1 
 Viewer 2019 R1  
 ACIS Geometry Interface 2019 R1 
 Catia, Version 5 Geometry Interface 2019 R1 
 Catia, Version 6 Geometry Interface 2019 R1 
 Creo Elements/Direct Modeling Geometry Interface 2019 R1
 Creo Parametric Geometry Interface 2019 R1  
 Inventor Geometry Interface 2019 R1 
 JTOpen Geometry Interface 2019 R1   
 NX Geometry Interface 2019 R1   
 Parasolid Geometry Interface  2019 R1   
 Solid Edge Geometry Interface 2019 R1   
 SOLIDWORKS Geometry Interface 2019 R1   
 ANSYS, Inc. License Manager 2019 R1 
 CFD-Post only 2019 R1   
 CFX (includes CFD-Post) 2019 R1 
 Chemkin 2019 R1 
 FENSAP-ICE 2019 R1  
 Fluent (includes CFD-Post) 2019 R1  
 Forte 2019 R1   
 Polyflow (includes CFD-Post) 2019 R1
 TurboGrid 2019 R1   


          *****  ANSYS COMMAND LINE ARGUMENTS  *****
  BATCH MODE REQUESTED (-b)    = NOLIST
  INPUT FILE COPY MODE (-c)    = COPY
  DISTRIBUTED MEMORY PARALLEL REQUESTED
       2 PARALLEL PROCESSES REQUESTED WITH SINGLE THREAD PER PROCESS
    TOTAL OF     2 CORES REQUESTED
  INPUT FILE NAME              = C:\Users\HARSH\OneDrive\Desktop\IIT ROPAR\Skills\Ansys\Prac3\_ProjectScratch\Scr9C0F\dummy.dat
  OUTPUT FILE NAME             = C:\Users\HARSH\OneDrive\Desktop\IIT ROPAR\Skills\Ansys\Prac3\_ProjectScratch\Scr9C0F\solve.out
  START-UP FILE MODE           = NOREAD
  STOP FILE MODE               = NOREAD

 RELEASE= 2019 R1              BUILD= 19.3      UP20181204   VERSION=WINDOWS x64 
 CURRENT JOBNAME=file0  11:39:34  OCT 24, 2024 CP=      0.125


 PARAMETER _DS_PROGRESS =     999.0000000    

 /INPUT FILE= ds.dat  LINE=       0



 *** NOTE ***                            CP =       0.203   TIME= 11:39:34
 The /CONFIG,NOELDB command is not valid in a Distributed ANSYS          
 solution.  Command is ignored.                                          

 *GET  _WALLSTRT  FROM  ACTI  ITEM=TIME WALL  VALUE=  11.6594444    

 TITLE= 
 bar analysis--Static Structural (A5)                                          


 SET PARAMETER DIMENSIONS ON  _WB_PROJECTSCRATCH_DIR
  TYPE=STRI  DIMENSIONS=      248        1        1

 PARAMETER _WB_PROJECTSCRATCH_DIR(1) = C:\Users\HARSH\OneDrive\Desktop\IIT ROPAR\Skills\Ansys\Prac3\_ProjectScratch\Scr9C0F\

 SET PARAMETER DIMENSIONS ON  _WB_SOLVERFILES_DIR
  TYPE=STRI  DIMENSIONS=      248        1        1

 PARAMETER _WB_SOLVERFILES_DIR(1) = C:\Users\HARSH\OneDrive\Desktop\IIT ROPAR\Skills\Ansys\Prac3\bar analysis_files\dp0\SYS\MECH\

 SET PARAMETER DIMENSIONS ON  _WB_USERFILES_DIR
  TYPE=STRI  DIMENSIONS=      248        1        1

 PARAMETER _WB_USERFILES_DIR(1) = C:\Users\HARSH\OneDrive\Desktop\IIT ROPAR\Skills\Ansys\Prac3\bar analysis_files\user_files\
 --- Data in consistent NMM units. See Solving Units in the help system for more

 MPA UNITS SPECIFIED FOR INTERNAL    
  LENGTH      = MILLIMETERS (mm)
  MASS        = TONNE (Mg)
  TIME        = SECONDS (sec)
  TEMPERATURE = CELSIUS (C)
  TOFFSET     = 273.0
  FORCE       = NEWTON (N)
  HEAT        = MILLIJOULES (mJ)

 INPUT  UNITS ARE ALSO SET TO MPA 

 *** ANSYS - ENGINEERING ANALYSIS SYSTEM  RELEASE 2019 R1          19.3     ***
 DISTRIBUTED ANSYS Mechanical Enterprise                       

 01070473  VERSION=WINDOWS x64   11:39:34  OCT 24, 2024 CP=      0.203

 bar analysis--Static Structural (A5)                                          



          ***** ANSYS ANALYSIS DEFINITION (PREP7) *****
 *********** Nodes for the whole assembly ***********
 *********** Elements for Body 1 "SYS\Solid" ***********
 *********** Send User Defined Coordinate System(s) ***********
 *********** Set Reference Temperature ***********
 *********** Send Materials ***********
 *********** Fixed Supports ***********
 *********** Define Force Using Surface Effect Elements ***********


 ***** ROUTINE COMPLETED *****  CP =         0.234


 --- Number of total nodes = 2117
 --- Number of contact elements = 8
 --- Number of spring elements = 0
 --- Number of bearing elements = 0
 --- Number of solid elements = 320
 --- Number of condensed parts = 0
 --- Number of total elements = 328

 *GET  _WALLBSOL  FROM  ACTI  ITEM=TIME WALL  VALUE=  11.6594444    
 ****************************************************************************
 *************************    SOLUTION       ********************************
 ****************************************************************************

 *****  ANSYS SOLUTION ROUTINE  *****


 PERFORM A STATIC ANALYSIS
  THIS WILL BE A NEW ANALYSIS

 USE SPARSE MATRIX DIRECT SOLVER

 CONTACT INFORMATION PRINTOUT LEVEL       1

 DO NOT COMBINE ELEMENT MATRIX FILES (.emat) AFTER DISTRIBUTED PARALLEL SOLUTION

 DO NOT COMBINE ELEMENT SAVE DATA FILES (.esav) AFTER DISTRIBUTED PARALLEL SOLUTION

 NLDIAG: Nonlinear diagnostics CONT option is set to ON. 
         Writing frequency : each ITERATION.

 DO NOT SAVE ANY RESTART FILES AT ALL
 ****************************************************
 ******************* SOLVE FOR LS 1 OF 1 ****************

 SELECT       FOR ITEM=TYPE COMPONENT=    
  IN RANGE         2 TO          2 STEP          1

          8  ELEMENTS (OF        328  DEFINED) SELECTED BY  ESEL  COMMAND.

 SELECT      ALL NODES HAVING ANY ELEMENT IN ELEMENT SET.

         37 NODES (OF       2117  DEFINED) SELECTED FROM
        8 SELECTED ELEMENTS BY NSLE COMMAND.

 SPECIFIED SURFACE LOAD PRES FOR ALL SELECTED ELEMENTS  LKEY =  1   KVAL = 1
     VALUES =     0.0000         0.0000         0.0000         0.0000    

 SPECIFIED SURFACE LOAD PRES FOR ALL SELECTED ELEMENTS  LKEY =  2   KVAL = 1
     VALUES =    -1.0000        -1.0000        -1.0000        -1.0000    

 SPECIFIED SURFACE LOAD PRES FOR ALL SELECTED ELEMENTS  LKEY =  3   KVAL = 1
     VALUES =     0.0000         0.0000         0.0000         0.0000    

 ALL SELECT   FOR ITEM=NODE COMPONENT=    
  IN RANGE         1 TO       2117 STEP          1

       2117  NODES (OF       2117  DEFINED) SELECTED BY NSEL  COMMAND.

 ALL SELECT   FOR ITEM=ELEM COMPONENT=    
  IN RANGE         1 TO        824 STEP          1

        328  ELEMENTS (OF        328  DEFINED) SELECTED BY  ESEL  COMMAND.

 PRINTOUT RESUMED BY /GOP

 USE       1 SUBSTEPS INITIALLY THIS LOAD STEP FOR ALL  DEGREES OF FREEDOM
 FOR AUTOMATIC TIME STEPPING:
   USE      1 SUBSTEPS AS A MAXIMUM
   USE      1 SUBSTEPS AS A MINIMUM

 TIME=  1.0000    

 ERASE THE CURRENT DATABASE OUTPUT CONTROL TABLE.


 WRITE ALL  ITEMS TO THE DATABASE WITH A FREQUENCY OF NONE
   FOR ALL APPLICABLE ENTITIES

 WRITE NSOL ITEMS TO THE DATABASE WITH A FREQUENCY OF ALL 
   FOR ALL APPLICABLE ENTITIES

 WRITE RSOL ITEMS TO THE DATABASE WITH A FREQUENCY OF ALL 
   FOR ALL APPLICABLE ENTITIES

 WRITE STRS ITEMS TO THE DATABASE WITH A FREQUENCY OF ALL 
   FOR ALL APPLICABLE ENTITIES

 WRITE EANG ITEMS TO THE DATABASE WITH A FREQUENCY OF ALL 
   FOR ALL APPLICABLE ENTITIES

 WRITE FMAG ITEMS TO THE DATABASE WITH A FREQUENCY OF ALL 
   FOR ALL APPLICABLE ENTITIES

 WRITE CURD ITEMS TO THE DATABASE WITH A FREQUENCY OF ALL 
   FOR ALL APPLICABLE ENTITIES

 WRITE NLDA ITEMS TO THE DATABASE WITH A FREQUENCY OF ALL 
   FOR ALL APPLICABLE ENTITIES

 WRITE EHEA ITEMS TO THE DATABASE WITH A FREQUENCY OF ALL 
   FOR ALL APPLICABLE ENTITIES

 WRITE ETMP ITEMS TO THE DATABASE WITH A FREQUENCY OF ALL 
   FOR ALL APPLICABLE ENTITIES

 WRITE SRFS ITEMS TO THE DATABASE WITH A FREQUENCY OF ALL 
   FOR ALL APPLICABLE ENTITIES

 WRITE CONT ITEMS TO THE DATABASE WITH A FREQUENCY OF ALL 
   FOR ALL APPLICABLE ENTITIES

 WRITE BKST ITEMS TO THE DATABASE WITH A FREQUENCY OF ALL 
   FOR ALL APPLICABLE ENTITIES

 WRITE VENG ITEMS TO THE DATABASE WITH A FREQUENCY OF ALL 
   FOR ALL APPLICABLE ENTITIES

 WRITE EPEL ITEMS TO THE DATABASE WITH A FREQUENCY OF ALL 
   FOR ALL APPLICABLE ENTITIES

 WRITE EPPL ITEMS TO THE DATABASE WITH A FREQUENCY OF ALL 
   FOR ALL APPLICABLE ENTITIES

 NONLINEAR STABILIZATION CONTROL:
 KEY=OFF 


 *GET  ANSINTER_  FROM  ACTI  ITEM=INT        VALUE=  0.00000000    

 *IF  ANSINTER_                         ( =   0.00000     )  NE  
      0                                 ( =   0.00000     )  THEN    

 *ENDIF

 *** NOTE ***                            CP =       0.266   TIME= 11:39:34
 The automatic domain decomposition logic has selected the MESH domain   
 decomposition method with 2 processes per solution.                     

 *****  ANSYS SOLVE    COMMAND  *****

 *** WARNING ***                         CP =       0.266   TIME= 11:39:34
 Element shape checking is currently inactive.  Issue SHPP,ON or         
 SHPP,WARN to reactivate, if desired.                                    

 *** NOTE ***                            CP =       0.266   TIME= 11:39:34
 The model data was checked and warning messages were found.             
  Please review output or errors file (                                  
 C:\Users\HARSH\OneDrive\Desktop\IIT                                     
 ROPAR\Skills\Ansys\Prac3\_ProjectScratch\Scr9C0F\file0.err ) for these  
 warning messages.                                                       

 *** SELECTION OF ELEMENT TECHNOLOGIES FOR APPLICABLE ELEMENTS ***
      --- GIVE SUGGESTIONS AND RESET THE KEY OPTIONS ---

 ELEMENT TYPE    1 IS SOLID186. KEYOPT(2)=0 IS SUGGESTED AND HAS BEEN RESET.
  KEYOPT(1-12)=    0    0    0    0    0    0    0    0    0    0    0    0



 *** ANSYS - ENGINEERING ANALYSIS SYSTEM  RELEASE 2019 R1          19.3     ***
 DISTRIBUTED ANSYS Mechanical Enterprise                       

 01070473  VERSION=WINDOWS x64   11:39:34  OCT 24, 2024 CP=      0.266

 bar analysis--Static Structural (A5)                                          



                       S O L U T I O N   O P T I O N S

   PROBLEM DIMENSIONALITY. . . . . . . . . . . . .3-D                  
   DEGREES OF FREEDOM. . . . . . UX   UY   UZ  
   ANALYSIS TYPE . . . . . . . . . . . . . . . . .STATIC (STEADY-STATE)
   OFFSET TEMPERATURE FROM ABSOLUTE ZERO . . . . .  273.15    
   EQUATION SOLVER OPTION. . . . . . . . . . . . .SPARSE             
   GLOBALLY ASSEMBLED MATRIX . . . . . . . . . . .SYMMETRIC  

 *** WARNING ***                         CP =       0.266   TIME= 11:39:34
 Material number 2 (used by element 817) should normally have at least   
 one MP or one TB type command associated with it.  Output of energy by  
 material may not be available.                                          

 *** NOTE ***                            CP =       0.266   TIME= 11:39:34
 The step data was checked and warning messages were found.              
  Please review output or errors file (                                  
 C:\Users\HARSH\OneDrive\Desktop\IIT                                     
 ROPAR\Skills\Ansys\Prac3\_ProjectScratch\Scr9C0F\file0.err ) for these  
 warning messages.                                                       

 *** NOTE ***                            CP =       0.266   TIME= 11:39:34
 The conditions for direct assembly have been met.  No .emat or .erot    
 files will be produced.                                                 

  
  
     D I S T R I B U T E D   D O M A I N   D E C O M P O S E R
  
  ...Number of elements: 328
  ...Number of nodes:    2117
  ...Decompose to 2 CPU domains
  ...Element load balance ratio =     1.000


                      L O A D   S T E P   O P T I O N S

   LOAD STEP NUMBER. . . . . . . . . . . . . . . .     1
   TIME AT END OF THE LOAD STEP. . . . . . . . . .  1.0000    
   NUMBER OF SUBSTEPS. . . . . . . . . . . . . . .     1
   STEP CHANGE BOUNDARY CONDITIONS . . . . . . . .    NO
   PRINT OUTPUT CONTROLS . . . . . . . . . . . . .NO PRINTOUT
   DATABASE OUTPUT CONTROLS
      ITEM     FREQUENCY   COMPONENT
       ALL       NONE               
      NSOL        ALL               
      RSOL        ALL               
      STRS        ALL               
      EANG        ALL               
      FMAG        ALL               
      CURD        ALL               
      NLDA        ALL               
      EHEA        ALL               
      ETMP        ALL               
      SRFS        ALL               
      CONT        ALL               
      BKST        ALL               
      VENG        ALL               
      EPEL        ALL               
      EPPL        ALL               


 SOLUTION MONITORING INFO IS WRITTEN TO FILE= file.mntr                                                                                                                                                                                                                                                           



                         ***********  PRECISE MASS SUMMARY  ***********

   TOTAL RIGID BODY MASS MATRIX ABOUT ORIGIN
               Translational mass               |   Coupled translational/rotational mass
        0.11080        0.0000        0.0000     |     0.0000        5.5400       -11.080    
         0.0000       0.11080        0.0000     |    -5.5400        0.0000        110.80    
         0.0000        0.0000       0.11080     |     11.080       -110.80        0.0000    
     ------------------------------------------ | ------------------------------------------
                                                |         Rotational mass (inertia)
                                                |     1846.7       -11080.       -5540.0    
                                                |    -11080.       0.14810E+06   -554.00    
                                                |    -5540.0       -554.00       0.14921E+06

   TOTAL MASS = 0.11080    
     The mass principal axes coincide with the global Cartesian axes

   CENTER OF MASS (X,Y,Z)=    1000.0        100.00        50.000    

   TOTAL INERTIA ABOUT CENTER OF MASS
         461.67      -0.21959E-10  -0.18442E-10
       -0.21959E-10    37026.      -0.13353E-11
       -0.18442E-10  -0.13353E-11    37303.    
     The inertia principal axes coincide with the global Cartesian axes


  *** MASS SUMMARY BY ELEMENT TYPE ***

  TYPE      MASS
     1  0.110800    

 Range of element maximum matrix coefficients in global coordinates
 Maximum = 3512375.71 at element 159.                                    
 Minimum = 3512375.71 at element 7.                                      

   *** ELEMENT MATRIX FORMULATION TIMES
     TYPE    NUMBER   ENAME      TOTAL CP  AVE CP

        1       320  SOLID186      0.062   0.000195
        2         8  SURF154       0.000   0.000000
 Time at end of element matrix formulation CP = 0.390625.                

 DISTRIBUTED SPARSE MATRIX DIRECT SOLVER.
  Number of equations =        6129,    Maximum wavefront =    180

  Local memory allocated for solver              =     12.623 MB
  Local memory required for in-core solution     =     12.175 MB
  Local memory required for out-of-core solution =      7.984 MB

  Total memory allocated for solver              =     25.298 MB
  Total memory required for in-core solution     =     24.395 MB
  Total memory required for out-of-core solution =     15.707 MB

 *** NOTE ***                            CP =       0.609   TIME= 11:39:34
 The Distributed Sparse Matrix Solver is currently running in the        
 in-core memory mode.  This memory mode uses the most amount of memory   
 in order to avoid using the hard drive as much as possible, which most  
 often results in the fastest solution time.  This mode is recommended   
 if enough physical memory is present to accommodate all of the solver   
 data.                                                                   
 curEqn=   3171  totEqn=   3171 Job CP sec=      0.641
      Factor Done= 100% Factor Wall sec=      0.020 rate=    7714.2 Mflops
 Distributed sparse solver maximum pivot= 11961094.8 at node 658 UY.     
 Distributed sparse solver minimum pivot= 31387.1929 at node 943 UZ.     
 Distributed sparse solver minimum pivot in absolute value= 31387.1929   
 at node 943 UZ.                                                         

   *** ELEMENT RESULT CALCULATION TIMES
     TYPE    NUMBER   ENAME      TOTAL CP  AVE CP

        1       320  SOLID186      0.031   0.000098
        2         8  SURF154       0.000   0.000000

   *** NODAL LOAD CALCULATION TIMES
     TYPE    NUMBER   ENAME      TOTAL CP  AVE CP

        1       320  SOLID186      0.000   0.000000
        2         8  SURF154       0.000   0.000000
 *** LOAD STEP     1   SUBSTEP     1  COMPLETED.    CUM ITER =      1
 *** TIME =   1.00000         TIME INC =   1.00000      NEW TRIANG MATRIX


 *** ANSYS BINARY FILE STATISTICS
  BUFFER SIZE USED= 16384
        2.062 MB WRITTEN ON ASSEMBLED MATRIX FILE: file0.full
        0.562 MB WRITTEN ON RESULTS FILE: file0.rst
 *************** Write FE CONNECTORS *********

 WRITE OUT CONSTRAINT EQUATIONS TO FILE= file.ce                                                                                                                                                                                                                                                             
 ****************************************************
 *************** FINISHED SOLVE FOR LS 1 *************

 *GET  _WALLASOL  FROM  ACTI  ITEM=TIME WALL  VALUE=  11.6594444    

 PRINTOUT RESUMED BY /GOP

 FINISH SOLUTION PROCESSING


 ***** ROUTINE COMPLETED *****  CP =         0.719



 *** ANSYS - ENGINEERING ANALYSIS SYSTEM  RELEASE 2019 R1          19.3     ***
 DISTRIBUTED ANSYS Mechanical Enterprise                       

 01070473  VERSION=WINDOWS x64   11:39:34  OCT 24, 2024 CP=      0.719

 bar analysis--Static Structural (A5)                                          



          ***** ANSYS RESULTS INTERPRETATION (POST1) *****

 *** NOTE ***                            CP =       0.719   TIME= 11:39:34
 Reading results into the database (SET command) will update the current 
 displacement and force boundary conditions in the database with the     
 values from the results file for that load set.  Note that any          
 subsequent solutions will use these values unless action is taken to    
 either SAVE the current values or not overwrite them (/EXIT,NOSAVE).    

 Set Encoding of XML File to:ISO-8859-1

 Set Output of XML File to:
     PARM,     ,     ,     ,     ,     ,     ,     ,     ,     ,     ,     ,
         ,     ,     ,     ,     ,     ,     ,

 DATABASE WRITTEN ON FILE  parm.xml                                                                                                                                                                                                                                                            

 EXIT THE ANSYS POST1 DATABASE PROCESSOR


 ***** ROUTINE COMPLETED *****  CP =         0.719



 PRINTOUT RESUMED BY /GOP

 *GET  _WALLDONE  FROM  ACTI  ITEM=TIME WALL  VALUE=  11.6594444    

 PARAMETER _PREPTIME =     0.000000000    

 PARAMETER _SOLVTIME =     0.000000000    

 PARAMETER _POSTTIME =     0.000000000    

 PARAMETER _TOTALTIM =     0.000000000    

 *GET  _DLBRATIO  FROM  ACTI  ITEM=SOLU DLBR  VALUE=  1.00000000    
 --- Number of total nodes = 2117
 --- Number of total elements = 328
 --- Element load balance ratio = 1

 EXIT ANSYS WITHOUT SAVING DATABASE


 NUMBER OF WARNING MESSAGES ENCOUNTERED=          2
 NUMBER OF ERROR   MESSAGES ENCOUNTERED=          0

+--------- D I S T R I B U T E D   A N S Y S   S T A T I S T I C S ------------+

Release: 2019 R1            Build: 19.3       Update: UP20181204   Platform: WINDOWS x64 
Date Run: 10/24/2024   Time: 11:39     Process ID: 10432
Operating System: Windows 10  (Build: 26100)

Processor Model: 11th Gen Intel(R) Core(TM) i5-1135G7 @ 2.40GHz

Compiler: Intel(R) FORTRAN Compiler Version 17.0.4  (Build: 20170411)
          Intel(R) C/C++ Compiler Version 17.0.4  (Build: 20170411)
          Intel(R) Math Kernel Library Version 2017.0.3 Product Build 20170413

Number of machines requested            :    1
Total number of cores available         :    8
Number of physical cores available      :    4
Number of processes requested           :    2
Number of threads per process requested :    1
Total number of cores requested         :    2 (Distributed Memory Parallel)               
MPI Type: INTELMPI
MPI Version: Intel(R) MPI Library 2017 Update 3 for Windows* OS


GPU Acceleration: Not Requested

Job Name: file0
Input File: dummy.dat

  Core                Machine Name   Working Directory
 -----------------------------------------------------
     0                  HARSH-SHAH   C:\Users\HARSH\OneDrive\Desktop\IIT ROPAR\Skills\Ansys\Prac3\_ProjectScratch\Scr9C0F
     1                  HARSH-SHAH   C:\Users\HARSH\OneDrive\Desktop\IIT ROPAR\Skills\Ansys\Prac3\_ProjectScratch\Scr9C0F
 
Latency time from master to core     1 =    0.625 microseconds
 
Communication speed from master to core     1 =  5035.92 MB/sec

Total CPU time for main thread                    :        0.6 seconds
Total CPU time summed for all threads             :        0.9 seconds

Elapsed time spent pre-processing model (/PREP7)  :        0.0 seconds
Elapsed time spent solution - preprocessing       :        0.0 seconds
Elapsed time spent computing solution             :        0.2 seconds
Elapsed time spent solution - postprocessing      :        0.0 seconds
Elapsed time spent post-processing model (/POST1) :        0.0 seconds
 
Equation solver used                              :            Sparse (symmetric)
Equation solver computational rate                :       12.8 Gflops

Maximum total memory used                         :      268.0 MB
Maximum total memory allocated                    :     3136.0 MB
Total physical memory available                   :          8 GB

Total amount of I/O written to disk               :        0.0 GB
Total amount of I/O read from disk                :        0.0 GB

+------ E N D   D I S T R I B U T E D   A N S Y S   S T A T I S T I C S -------+


 *---------------------------------------------------------------------------*
 |                                                                           |
 |                       DISTRIBUTED ANSYS RUN COMPLETED                     |
 |                                                                           |
 |---------------------------------------------------------------------------|
 |                                                                           |
 | Ansys 2019 R1               Build 19.3         UP20181204     WINDOWS x64 |
 |                                                                           |
 |---------------------------------------------------------------------------|
 |                                                                           |
 | Database Requested(-db)  1024 MB    Scratch Memory Requested      1024 MB |
 | Maximum Database Used       1 MB    Maximum Scratch Memory Used    133 MB |
 |                                                                           |
 |---------------------------------------------------------------------------|
 |                                                                           |
 |        CP Time      (sec) =          0.938       Time  =  11:39:35        |
 |        Elapsed Time (sec) =          3.000       Date  =  10/24/2024      |
 |                                                                           |
 *---------------------------------------------------------------------------*
