
 ANSYS Mechanical Enterprise                       


 *------------------------------------------------------------------*
 |                                                                  |
 |   W E L C O M E   T O   T H E   A N S Y S (R)  P R O G R A M     |
 |                                                                  |
 *------------------------------------------------------------------*




 ***************************************************************
 *            ANSYS 2019 R1          LEGAL NOTICES             *
 ***************************************************************
 *                                                             *
 * Copyright 1971-2018 ANSYS, Inc.  All rights reserved.       *
 * Unauthorized use, distribution or duplication is            *
 * prohibited.                                                 *
 *                                                             *
 * Ansys is a registered trademark of ANSYS, Inc. or its       *
 * subsidiaries in the United States or other countries.       *
 * See the ANSYS, Inc. online documentation or the ANSYS, Inc. *
 * documentation CD or online help for the complete Legal      *
 * Notice.                                                     *
 *                                                             *
 ***************************************************************
 *                                                             *
 * THIS ANSYS SOFTWARE PRODUCT AND PROGRAM DOCUMENTATION       *
 * INCLUDE TRADE SECRETS AND CONFIDENTIAL AND PROPRIETARY      *
 * PRODUCTS OF ANSYS, INC., ITS SUBSIDIARIES, OR LICENSORS.    *
 * The software products and documentation are furnished by    *
 * ANSYS, Inc. or its subsidiaries under a software license    *
 * agreement that contains provisions concerning               *
 * non-disclosure, copying, length and nature of use,          *
 * compliance with exporting laws, warranties, disclaimers,    *
 * limitations of liability, and remedies, and other           *
 * provisions.  The software products and documentation may be *
 * used, disclosed, transferred, or copied only in accordance  *
 * with the terms and conditions of that software license      *
 * agreement.                                                  *
 *                                                             *
 * ANSYS, Inc. is a UL registered                              *
 * ISO 9001:2015 company.                                      *
 *                                                             *
 ***************************************************************
 *                                                             *
 * This product is subject to U.S. laws governing export and   *
 * re-export.                                                  *
 *                                                             *
 * For U.S. Government users, except as specifically granted   *
 * by the ANSYS, Inc. software license agreement, the use,     *
 * duplication, or disclosure by the United States Government  *
 * is subject to restrictions stated in the ANSYS, Inc.        *
 * software license agreement and FAR 12.212 (for non-DOD      *
 * licenses).                                                  *
 *                                                             *
 ***************************************************************

 2019 R1 
     
 Point Releases and Patches installed:   
     
 ANSYS, Inc. Products 2019 R1
 SpaceClaim 2019 R1  
 Autodyn 2019 R1 
 Aqwa 2019 R1
 Customization Files for User Programmable Features 2019 R1  
 Mechanical Products 2019 R1 
 Viewer 2019 R1  
 ACIS Geometry Interface 2019 R1 
 Catia, Version 5 Geometry Interface 2019 R1 
 Catia, Version 6 Geometry Interface 2019 R1 
 Creo Elements/Direct Modeling Geometry Interface 2019 R1
 Creo Parametric Geometry Interface 2019 R1  
 Inventor Geometry Interface 2019 R1 
 JTOpen Geometry Interface 2019 R1   
 NX Geometry Interface 2019 R1   
 Parasolid Geometry Interface  2019 R1   
 Solid Edge Geometry Interface 2019 R1   
 SOLIDWORKS Geometry Interface 2019 R1   
 ANSYS, Inc. License Manager 2019 R1 
 CFD-Post only 2019 R1   
 CFX (includes CFD-Post) 2019 R1 
 Chemkin 2019 R1 
 FENSAP-ICE 2019 R1  
 Fluent (includes CFD-Post) 2019 R1  
 Forte 2019 R1   
 Polyflow (includes CFD-Post) 2019 R1
 TurboGrid 2019 R1   


          *****  ANSYS COMMAND LINE ARGUMENTS  *****
  BATCH MODE REQUESTED (-b)    = NOLIST
  INPUT FILE COPY MODE (-c)    = COPY
  DISTRIBUTED MEMORY PARALLEL REQUESTED
       2 PARALLEL PROCESSES REQUESTED WITH SINGLE THREAD PER PROCESS
    TOTAL OF     2 CORES REQUESTED
  INPUT FILE NAME              = C:\Users\HARSH\AppData\Local\Temp\WB_HARSH-SHAH_HARSH_20744_2\_ProjectScratch\ScrF214\dummy.dat
  OUTPUT FILE NAME             = C:\Users\HARSH\AppData\Local\Temp\WB_HARSH-SHAH_HARSH_20744_2\_ProjectScratch\ScrF214\solve.out
  START-UP FILE MODE           = NOREAD
  STOP FILE MODE               = NOREAD

 RELEASE= 2019 R1              BUILD= 19.3      UP20181204   VERSION=WINDOWS x64 
 CURRENT JOBNAME=file0  11:38:44  OCT 17, 2024 CP=      0.078


 PARAMETER _DS_PROGRESS =     999.0000000    

 /INPUT FILE= ds.dat  LINE=       0



 *** NOTE ***                            CP =       0.156   TIME= 11:38:44
 The /CONFIG,NOELDB command is not valid in a Distributed ANSYS          
 solution.  Command is ignored.                                          

 *GET  _WALLSTRT  FROM  ACTI  ITEM=TIME WALL  VALUE=  11.6455556    

 TITLE= 
 unsaved_project--Static Structural (A5)                                       


 SET PARAMETER DIMENSIONS ON  _WB_PROJECTSCRATCH_DIR
  TYPE=STRI  DIMENSIONS=      248        1        1

 PARAMETER _WB_PROJECTSCRATCH_DIR(1) = C:\Users\HARSH\AppData\Local\Temp\WB_HARSH-SHAH_HARSH_20744_2\_ProjectScratch\ScrF214\

 SET PARAMETER DIMENSIONS ON  _WB_SOLVERFILES_DIR
  TYPE=STRI  DIMENSIONS=      248        1        1

 PARAMETER _WB_SOLVERFILES_DIR(1) = C:\Users\HARSH\AppData\Local\Temp\WB_HARSH-SHAH_HARSH_20744_2\unsaved_project_files\dp0\SYS\MECH\

 SET PARAMETER DIMENSIONS ON  _WB_USERFILES_DIR
  TYPE=STRI  DIMENSIONS=      248        1        1

 PARAMETER _WB_USERFILES_DIR(1) = C:\Users\HARSH\AppData\Local\Temp\WB_HARSH-SHAH_HARSH_20744_2\unsaved_project_files\user_files\
 --- Data in consistent MKS units. See Solving Units in the help system for more

 MKS UNITS SPECIFIED FOR INTERNAL    
  LENGTH        (l)  = METER (M)
  MASS          (M)  = KILOGRAM (KG)
  TIME          (t)  = SECOND (SEC)
  TEMPERATURE   (T)  = CELSIUS (C)
  TOFFSET            = 273.0
  CHARGE        (Q)  = COULOMB
  FORCE         (f)  = NEWTON (N) (KG-M/SEC2)
  HEAT               = JOULE (N-M)

  PRESSURE           = PASCAL (NEWTON/M**2)
  ENERGY        (W)  = JOULE (N-M)
  POWER         (P)  = WATT (N-M/SEC)
  CURRENT       (i)  = AMPERE (COULOMBS/SEC)
  CAPACITANCE   (C)  = FARAD
  INDUCTANCE    (L)  = HENRY
  MAGNETIC FLUX      = WEBER
  RESISTANCE    (R)  = OHM
  ELECTRIC POTENTIAL = VOLT

 INPUT  UNITS ARE ALSO SET TO MKS 

 *** ANSYS - ENGINEERING ANALYSIS SYSTEM  RELEASE 2019 R1          19.3     ***
 DISTRIBUTED ANSYS Mechanical Enterprise                       

 01070473  VERSION=WINDOWS x64   11:38:44  OCT 17, 2024 CP=      0.156

 unsaved_project--Static Structural (A5)                                       



          ***** ANSYS ANALYSIS DEFINITION (PREP7) *****
 *********** Nodes for the whole assembly ***********
 *********** Elements for Body 1 "Crane hook-FreeParts" ***********
 *********** Send User Defined Coordinate System(s) ***********
 *********** Set Reference Temperature ***********
 *********** Send Materials ***********
 *********** Fixed Supports ***********
 *********** Define Force Using Surface Effect Elements ***********


 ***** ROUTINE COMPLETED *****  CP =         0.188


 --- Number of total nodes = 10266
 --- Number of contact elements = 140
 --- Number of spring elements = 0
 --- Number of bearing elements = 0
 --- Number of solid elements = 5597
 --- Number of condensed parts = 0
 --- Number of total elements = 5737

 *GET  _WALLBSOL  FROM  ACTI  ITEM=TIME WALL  VALUE=  11.6455556    
 ****************************************************************************
 *************************    SOLUTION       ********************************
 ****************************************************************************

 *****  ANSYS SOLUTION ROUTINE  *****


 PERFORM A STATIC ANALYSIS
  THIS WILL BE A NEW ANALYSIS

 USE PRECONDITIONED CONJUGATE GRADIENT SOLVER
  CONVERGENCE TOLERANCE = 1.00000E-08
  MAXIMUM ITERATION     = NumNode*DofPerNode*  1.0000    

 CONTACT INFORMATION PRINTOUT LEVEL       1

 DO NOT COMBINE ELEMENT MATRIX FILES (.emat) AFTER DISTRIBUTED PARALLEL SOLUTION

 DO NOT COMBINE ELEMENT SAVE DATA FILES (.esav) AFTER DISTRIBUTED PARALLEL SOLUTION

 NLDIAG: Nonlinear diagnostics CONT option is set to ON. 
         Writing frequency : each ITERATION.

 DO NOT SAVE ANY RESTART FILES AT ALL
 ****************************************************
 ******************* SOLVE FOR LS 1 OF 1 ****************

 SELECT       FOR ITEM=TYPE COMPONENT=    
  IN RANGE         2 TO          2 STEP          1

        140  ELEMENTS (OF       5737  DEFINED) SELECTED BY  ESEL  COMMAND.

 SELECT      ALL NODES HAVING ANY ELEMENT IN ELEMENT SET.

        349 NODES (OF      10266  DEFINED) SELECTED FROM
      140 SELECTED ELEMENTS BY NSLE COMMAND.

 SPECIFIED SURFACE LOAD PRES FOR ALL SELECTED ELEMENTS  LKEY =  1   KVAL = 1
     VALUES =     0.0000         0.0000         0.0000         0.0000    

 SPECIFIED SURFACE LOAD PRES FOR ALL SELECTED ELEMENTS  LKEY =  2   KVAL = 1
     VALUES =    -35761.        -35761.        -35761.        -35761.    

 SPECIFIED SURFACE LOAD PRES FOR ALL SELECTED ELEMENTS  LKEY =  3   KVAL = 1
     VALUES =     0.0000         0.0000         0.0000         0.0000    

 ALL SELECT   FOR ITEM=NODE COMPONENT=    
  IN RANGE         1 TO      10266 STEP          1

      10266  NODES (OF      10266  DEFINED) SELECTED BY NSEL  COMMAND.

 ALL SELECT   FOR ITEM=ELEM COMPONENT=    
  IN RANGE         1 TO       8303 STEP          1

       5737  ELEMENTS (OF       5737  DEFINED) SELECTED BY  ESEL  COMMAND.

 PRINTOUT RESUMED BY /GOP

 USE       1 SUBSTEPS INITIALLY THIS LOAD STEP FOR ALL  DEGREES OF FREEDOM
 FOR AUTOMATIC TIME STEPPING:
   USE      1 SUBSTEPS AS A MAXIMUM
   USE      1 SUBSTEPS AS A MINIMUM

 TIME=  1.0000    

 ERASE THE CURRENT DATABASE OUTPUT CONTROL TABLE.


 WRITE ALL  ITEMS TO THE DATABASE WITH A FREQUENCY OF NONE
   FOR ALL APPLICABLE ENTITIES

 WRITE NSOL ITEMS TO THE DATABASE WITH A FREQUENCY OF ALL 
   FOR ALL APPLICABLE ENTITIES

 WRITE RSOL ITEMS TO THE DATABASE WITH A FREQUENCY OF ALL 
   FOR ALL APPLICABLE ENTITIES

 WRITE STRS ITEMS TO THE DATABASE WITH A FREQUENCY OF ALL 
   FOR ALL APPLICABLE ENTITIES

 WRITE EANG ITEMS TO THE DATABASE WITH A FREQUENCY OF ALL 
   FOR ALL APPLICABLE ENTITIES

 WRITE FMAG ITEMS TO THE DATABASE WITH A FREQUENCY OF ALL 
   FOR ALL APPLICABLE ENTITIES

 WRITE CURD ITEMS TO THE DATABASE WITH A FREQUENCY OF ALL 
   FOR ALL APPLICABLE ENTITIES

 WRITE NLDA ITEMS TO THE DATABASE WITH A FREQUENCY OF ALL 
   FOR ALL APPLICABLE ENTITIES

 WRITE EHEA ITEMS TO THE DATABASE WITH A FREQUENCY OF ALL 
   FOR ALL APPLICABLE ENTITIES

 WRITE ETMP ITEMS TO THE DATABASE WITH A FREQUENCY OF ALL 
   FOR ALL APPLICABLE ENTITIES

 WRITE SRFS ITEMS TO THE DATABASE WITH A FREQUENCY OF ALL 
   FOR ALL APPLICABLE ENTITIES

 WRITE CONT ITEMS TO THE DATABASE WITH A FREQUENCY OF ALL 
   FOR ALL APPLICABLE ENTITIES

 WRITE BKST ITEMS TO THE DATABASE WITH A FREQUENCY OF ALL 
   FOR ALL APPLICABLE ENTITIES

 WRITE VENG ITEMS TO THE DATABASE WITH A FREQUENCY OF ALL 
   FOR ALL APPLICABLE ENTITIES

 WRITE EPEL ITEMS TO THE DATABASE WITH A FREQUENCY OF ALL 
   FOR ALL APPLICABLE ENTITIES

 WRITE EPPL ITEMS TO THE DATABASE WITH A FREQUENCY OF ALL 
   FOR ALL APPLICABLE ENTITIES

 NONLINEAR STABILIZATION CONTROL:
 KEY=OFF 


 *GET  ANSINTER_  FROM  ACTI  ITEM=INT        VALUE=  0.00000000    

 *IF  ANSINTER_                         ( =   0.00000     )  NE  
      0                                 ( =   0.00000     )  THEN    

 *ENDIF

 *** NOTE ***                            CP =       0.203   TIME= 11:38:44
 The automatic domain decomposition logic has selected the MESH domain   
 decomposition method with 2 processes per solution.                     

 *****  ANSYS SOLVE    COMMAND  *****

 *** WARNING ***                         CP =       0.219   TIME= 11:38:44
 Element shape checking is currently inactive.  Issue SHPP,ON or         
 SHPP,WARN to reactivate, if desired.                                    

 *** NOTE ***                            CP =       0.234   TIME= 11:38:44
 The model data was checked and warning messages were found.             
  Please review output or errors file (                                  
 C:\Users\HARSH\AppData\Local\Temp\WB_HARSH-SHAH_HARSH_20744_2\_ProjectS 
 Scratch\ScrF214\file0.err ) for these warning messages.                 

 *** SELECTION OF ELEMENT TECHNOLOGIES FOR APPLICABLE ELEMENTS ***
      --- GIVE SUGGESTIONS AND RESET THE KEY OPTIONS ---

 ELEMENT TYPE    1 IS SOLID187. IT IS NOT ASSOCIATED WITH FULLY INCOMPRESSIBLE
 HYPERELASTIC MATERIALS. NO SUGGESTION IS AVAILABLE AND NO RESETTING IS NEEDED.



 *** ANSYS - ENGINEERING ANALYSIS SYSTEM  RELEASE 2019 R1          19.3     ***
 DISTRIBUTED ANSYS Mechanical Enterprise                       

 01070473  VERSION=WINDOWS x64   11:38:44  OCT 17, 2024 CP=      0.234

 unsaved_project--Static Structural (A5)                                       



                       S O L U T I O N   O P T I O N S

   PROBLEM DIMENSIONALITY. . . . . . . . . . . . .3-D                  
   DEGREES OF FREEDOM. . . . . . UX   UY   UZ  
   ANALYSIS TYPE . . . . . . . . . . . . . . . . .STATIC (STEADY-STATE)
   OFFSET TEMPERATURE FROM ABSOLUTE ZERO . . . . .  273.15    
   EQUATION SOLVER OPTION. . . . . . . . . . . . .PCG                
      TOLERANCE. . . . . . . . . . . . . . . . . . 1.00000E-08
   GLOBALLY ASSEMBLED MATRIX . . . . . . . . . . .SYMMETRIC  

 *** WARNING ***                         CP =       0.234   TIME= 11:38:44
 Material number 2 (used by element 8164) should normally have at least  
 one MP or one TB type command associated with it.  Output of energy by  
 material may not be available.                                          

 *** NOTE ***                            CP =       0.234   TIME= 11:38:45
 The step data was checked and warning messages were found.              
  Please review output or errors file (                                  
 C:\Users\HARSH\AppData\Local\Temp\WB_HARSH-SHAH_HARSH_20744_2\_ProjectS 
 Scratch\ScrF214\file0.err ) for these warning messages.                 

 *** NOTE ***                            CP =       0.234   TIME= 11:38:45
 The conditions for direct assembly have been met.  No .emat or .erot    
 files will be produced.                                                 

  
  
     D I S T R I B U T E D   D O M A I N   D E C O M P O S E R
  
  ...Number of elements: 5737
  ...Number of nodes:    10266
  ...Decompose to 2 CPU domains
  ...Element load balance ratio =     1.024


                      L O A D   S T E P   O P T I O N S

   LOAD STEP NUMBER. . . . . . . . . . . . . . . .     1
   TIME AT END OF THE LOAD STEP. . . . . . . . . .  1.0000    
   NUMBER OF SUBSTEPS. . . . . . . . . . . . . . .     1
   STEP CHANGE BOUNDARY CONDITIONS . . . . . . . .    NO
   PRINT OUTPUT CONTROLS . . . . . . . . . . . . .NO PRINTOUT
   DATABASE OUTPUT CONTROLS
      ITEM     FREQUENCY   COMPONENT
       ALL       NONE               
      NSOL        ALL               
      RSOL        ALL               
      STRS        ALL               
      EANG        ALL               
      FMAG        ALL               
      CURD        ALL               
      NLDA        ALL               
      EHEA        ALL               
      ETMP        ALL               
      SRFS        ALL               
      CONT        ALL               
      BKST        ALL               
      VENG        ALL               
      EPEL        ALL               
      EPPL        ALL               


 SOLUTION MONITORING INFO IS WRITTEN TO FILE= file.mntr                                                                                                                                                                                                                                                           


 *** NOTE ***                            CP =       0.281   TIME= 11:38:45
 The PCG solver has automatically set the level of difficulty for this   
 model to 1.                                                             

 Range of element maximum matrix coefficients in global coordinates
 Maximum = 6.455912008E+10 at element 4304.                              
 Minimum = 313821918 at element 721.                                     

   *** ELEMENT MATRIX FORMULATION TIMES
     TYPE    NUMBER   ENAME      TOTAL CP  AVE CP

        1      5597  SOLID187      0.109   0.000020
        2       140  SURF154       0.000   0.000000
 Time at end of element matrix formulation CP = 0.375.                   
 curEqn=    936  totEqn=    936 Job CP sec=      0.406
      Factor Done= 100% Factor Wall sec=      0.023 rate=     526.4 Mflops
 Iteration=    10 Ratio=  7.301354E-02 Limit=  1.000000E-08 Wall=     0.0
 Iteration=    40 Ratio=  7.035656E-04 Limit=  1.000000E-08 Wall=     0.1
 Iteration=    85 Ratio=  2.730372E-06 Limit=  1.000000E-08 Wall=     0.1

 DISTRIBUTED PCG SOLVER SOLUTION CONVERGED

 DISTRIBUTED PCG SOLVER SOLUTION STATISTICS

   NUMBER OF DOMAINS   =         159
   NUMBER OF ITERATIONS=         129
   NUMBER OF EQUATIONS =       30798
   LEVEL OF CONVERGENCE=           1
   CALCULATED NORM     = 0.87346E-08
   SPECIFIED TOLERANCE = 0.10000E-07
   TOTAL CPU TIME (sec)=        0.11
   TOTAL WALL TIME(sec)=        0.35
   TOTAL MEMORY (GB)   =        0.01


   *** ELEMENT RESULT CALCULATION TIMES
     TYPE    NUMBER   ENAME      TOTAL CP  AVE CP

        1      5597  SOLID187      0.109   0.000020
        2       140  SURF154       0.000   0.000000

   *** NODAL LOAD CALCULATION TIMES
     TYPE    NUMBER   ENAME      TOTAL CP  AVE CP

        1      5597  SOLID187      0.000   0.000000
        2       140  SURF154       0.000   0.000000
 *** LOAD STEP     1   SUBSTEP     1  COMPLETED.    CUM ITER =      1
 *** TIME =   1.00000         TIME INC =   1.00000      NEW TRIANG MATRIX


 *** ANSYS BINARY FILE STATISTICS
  BUFFER SIZE USED= 16384
        2.625 MB WRITTEN ON RESULTS FILE: file0.rst
 *************** Write FE CONNECTORS *********

 WRITE OUT CONSTRAINT EQUATIONS TO FILE= file.ce                                                                                                                                                                                                                                                             
 ****************************************************
 *************** FINISHED SOLVE FOR LS 1 *************

 *GET  _WALLASOL  FROM  ACTI  ITEM=TIME WALL  VALUE=  11.6458333    

 PRINTOUT RESUMED BY /GOP

 *GET  _PCGITER  FROM  ACTI  ITEM=SOLU CGIT  VALUE=  129.000000    

 FINISH SOLUTION PROCESSING


 ***** ROUTINE COMPLETED *****  CP =         0.562



 *** ANSYS - ENGINEERING ANALYSIS SYSTEM  RELEASE 2019 R1          19.3     ***
 DISTRIBUTED ANSYS Mechanical Enterprise                       

 01070473  VERSION=WINDOWS x64   11:38:45  OCT 17, 2024 CP=      0.562

 unsaved_project--Static Structural (A5)                                       



          ***** ANSYS RESULTS INTERPRETATION (POST1) *****

 *** NOTE ***                            CP =       0.562   TIME= 11:38:45
 Reading results into the database (SET command) will update the current 
 displacement and force boundary conditions in the database with the     
 values from the results file for that load set.  Note that any          
 subsequent solutions will use these values unless action is taken to    
 either SAVE the current values or not overwrite them (/EXIT,NOSAVE).    

 Set Encoding of XML File to:ISO-8859-1

 Set Output of XML File to:
     PARM,     ,     ,     ,     ,     ,     ,     ,     ,     ,     ,     ,
         ,     ,     ,     ,     ,     ,     ,

 DATABASE WRITTEN ON FILE  parm.xml                                                                                                                                                                                                                                                            

 EXIT THE ANSYS POST1 DATABASE PROCESSOR


 ***** ROUTINE COMPLETED *****  CP =         0.562



 PRINTOUT RESUMED BY /GOP

 *GET  _WALLDONE  FROM  ACTI  ITEM=TIME WALL  VALUE=  11.6458333    

 PARAMETER _PREPTIME =     0.000000000    

 PARAMETER _SOLVTIME =     1.000000000    

 PARAMETER _POSTTIME =     0.000000000    

 PARAMETER _TOTALTIM =     1.000000000    

 *GET  _DLBRATIO  FROM  ACTI  ITEM=SOLU DLBR  VALUE=  1.02440725    
 --- Number of total nodes = 10266
 --- Number of total elements = 5737
 --- Element load balance ratio = 1.02440725

 EXIT ANSYS WITHOUT SAVING DATABASE


 NUMBER OF WARNING MESSAGES ENCOUNTERED=          2
 NUMBER OF ERROR   MESSAGES ENCOUNTERED=          0

+--------- D I S T R I B U T E D   A N S Y S   S T A T I S T I C S ------------+

Release: 2019 R1            Build: 19.3       Update: UP20181204   Platform: WINDOWS x64 
Date Run: 10/17/2024   Time: 11:38     Process ID: 9988
Operating System: Windows 10  (Build: 22631)

Processor Model: 11th Gen Intel(R) Core(TM) i5-1135G7 @ 2.40GHz

Compiler: Intel(R) FORTRAN Compiler Version 17.0.4  (Build: 20170411)
          Intel(R) C/C++ Compiler Version 17.0.4  (Build: 20170411)
          Intel(R) Math Kernel Library Version 2017.0.3 Product Build 20170413

Number of machines requested            :    1
Total number of cores available         :    8
Number of physical cores available      :    4
Number of processes requested           :    2
Number of threads per process requested :    1
Total number of cores requested         :    2 (Distributed Memory Parallel)               
MPI Type: INTELMPI
MPI Version: Intel(R) MPI Library 2017 Update 3 for Windows* OS


GPU Acceleration: Not Requested

Job Name: file0
Input File: dummy.dat

  Core                Machine Name   Working Directory
 -----------------------------------------------------
     0                  HARSH-SHAH   C:\Users\HARSH\AppData\Local\Temp\WB_HARSH-SHAH_HARSH_20744_2\_ProjectScratch\ScrF214
     1                  HARSH-SHAH   C:\Users\HARSH\AppData\Local\Temp\WB_HARSH-SHAH_HARSH_20744_2\_ProjectScratch\ScrF214
 
Latency time from master to core     1 =    0.678 microseconds
 
Communication speed from master to core     1 =  6264.33 MB/sec

Total CPU time for main thread                    :        0.5 seconds
Total CPU time summed for all threads             :        0.7 seconds

Elapsed time spent pre-processing model (/PREP7)  :        0.1 seconds
Elapsed time spent solution - preprocessing       :        0.1 seconds
Elapsed time spent computing solution             :        0.7 seconds
Elapsed time spent solution - postprocessing      :        0.0 seconds
Elapsed time spent post-processing model (/POST1) :        0.0 seconds
 
Equation solver used                              :            PCG (symmetric)
Equation solver computational rate                :       11.8 Gflops

Maximum total memory used                         :      105.0 MB
Maximum total memory allocated                    :     3136.0 MB
Total physical memory available                   :          8 GB

Total amount of I/O written to disk               :        0.0 GB
Total amount of I/O read from disk                :        0.0 GB

+------ E N D   D I S T R I B U T E D   A N S Y S   S T A T I S T I C S -------+


 *---------------------------------------------------------------------------*
 |                                                                           |
 |                       DISTRIBUTED ANSYS RUN COMPLETED                     |
 |                                                                           |
 |---------------------------------------------------------------------------|
 |                                                                           |
 | Ansys 2019 R1               Build 19.3         UP20181204     WINDOWS x64 |
 |                                                                           |
 |---------------------------------------------------------------------------|
 |                                                                           |
 | Database Requested(-db)  1024 MB    Scratch Memory Requested      1024 MB |
 | Maximum Database Used       8 MB    Maximum Scratch Memory Used     53 MB |
 |                                                                           |
 |---------------------------------------------------------------------------|
 |                                                                           |
 |        CP Time      (sec) =          0.656       Time  =  11:38:45        |
 |        Elapsed Time (sec) =          3.000       Date  =  10/17/2024      |
 |                                                                           |
 *---------------------------------------------------------------------------*
